social.are
group.are
rom.are
olc.hlp
help.are
immort.are
ofcol2.are
shire.are
midgaard.are
plains.are
bluet.are
haon.are
air.are
arachnos.are
astral.are
canyon.are
catacomb.are
chapel.are
daycare.are
takshrin.are
draconia.are
dream.are
drow.are
thalos.are
dwarven.are
dylan.are
eastern.are
galaxy.are
gnome.are
grave.are
grove.are
hitower.are
hood.are
limbo.are
mahntor.are
marsh.are
midennir.are
mirror.are
volcano.are
mobfact.are
under2.are
moria.are
newthalos.are
nirvana.are
ofcol.are
olympus.are
pyramid.are
quifael.are
sewer.are
redferne.are
school.are
smurf.are
tohell.are
trollden.are
valley.are
wyvern.are
knights.are
demise.are
disciple.are
icecave.are
fallen.are
redwood.are
abyss2.are
$
